++++++++++++++++++++++++++++++++++++++++++++++++++++++++++++++
+
+ THIS OUTPUT IS THE RESULT OF THE FOLLOWING COMMAND-LINE:
+
+    ./bfs rings.g c1 
+
++++++++++++++++++++++++++++++++++++++++++++++++++++++++++++++


< BEGIN ADJACENCY-LIST:

a1 : (a2, 1) (b1, 1) 
a2 : (a3, 1) (b2, 1) 
a3 : (a4, 1) (b3, 1) 
a4 : (a1, 1) (b4, 1) 
b1 : (b2, 1) (a1, 1) (c1, 1) 
b2 : (b3, 1) (a2, 1) (c2, 1) 
b3 : (b4, 1) (a3, 1) (c3, 1) 
b4 : (b1, 1) (a4, 1) (c4, 1) 
c1 : (c2, 1) (b1, 1) 
c2 : (c3, 1) (b2, 1) 
c3 : (c4, 1) (b3, 1) 
c4 : (c1, 1) (b4, 1) 

END ADJACENCY LIST >


BFS REPORT:

a1 : dist=2 ; pred=b1 ; state='d'; npaths=1
     PATH: <c1 b1 a1>
a2 : dist=3 ; pred=b2 ; state='d'; npaths=3
     PATH: <c1 c2 b2 a2>
a3 : dist=4 ; pred=b3 ; state='d'; npaths=6
     PATH: <c1 c2 c3 b3 a3>
a4 : dist=5 ; pred=b4 ; state='d'; npaths=10
     PATH: <c1 c2 c3 c4 b4 a4>
b1 : dist=1 ; pred=c1 ; state='d'; npaths=1
     PATH: <c1 b1>
b2 : dist=2 ; pred=c2 ; state='d'; npaths=2
     PATH: <c1 c2 b2>
b3 : dist=3 ; pred=c3 ; state='d'; npaths=3
     PATH: <c1 c2 c3 b3>
b4 : dist=4 ; pred=c4 ; state='d'; npaths=4
     PATH: <c1 c2 c3 c4 b4>
c1 : dist=0 ; pred=c1 ; state='d'; npaths=1
     PATH: <c1>
c2 : dist=1 ; pred=c1 ; state='d'; npaths=1
     PATH: <c1 c2>
c3 : dist=2 ; pred=c2 ; state='d'; npaths=1
     PATH: <c1 c2 c3>
c4 : dist=3 ; pred=c3 ; state='d'; npaths=1
     PATH: <c1 c2 c3 c4>

END BFS REPORT

