++++++++++++++++++++++++++++++++++++++++++++++++++++++++++++++
+
+ THIS OUTPUT IS THE RESULT OF THE FOLLOWING COMMAND-LINE:
+
+    ./cpaths xladder.g 
+
++++++++++++++++++++++++++++++++++++++++++++++++++++++++++++++


< BEGIN ADJACENCY-LIST:

a1 : (a2, 1) (b2, 3) 
a2 : (a3, 0.4) (b3, 0.2) 
a3 : (a4, 0.03) (b4, 0.01) 
a4 : (a5, 0.002) (b5, 0.004) 
a5 : 
b1 : (b2, 2) (a2, 4) 
b2 : (b3, 0.1) (a3, 0.3) 
b3 : (b4, 0.04) (a4, 0.02) 
b4 : (b5, 0.003) (a5, 0.001) 
b5 : 

END ADJACENCY LIST >


CPATHS REPORT:
     [NOTES:  'state' not necessarily meaningful
              'npaths' not necessarily meaningful]

a1 : dist=0 ; pred=a1 ; state='f'; npaths=0
     PATH: <a1>
a2 : dist=4 ; pred=b1 ; state='f'; npaths=0
     PATH: <b1 a2>
a3 : dist=4.4 ; pred=a2 ; state='f'; npaths=0
     PATH: <b1 a2 a3>
a4 : dist=4.43 ; pred=a3 ; state='f'; npaths=0
     PATH: <b1 a2 a3 a4>
a5 : dist=4.432 ; pred=a4 ; state='f'; npaths=0
     PATH: <b1 a2 a3 a4 a5>
b1 : dist=0 ; pred=b1 ; state='f'; npaths=0
     PATH: <b1>
b2 : dist=3 ; pred=a1 ; state='f'; npaths=0
     PATH: <a1 b2>
b3 : dist=4.2 ; pred=a2 ; state='f'; npaths=0
     PATH: <b1 a2 b3>
b4 : dist=4.41 ; pred=a3 ; state='f'; npaths=0
     PATH: <b1 a2 a3 b4>
b5 : dist=4.434 ; pred=a4 ; state='f'; npaths=0
     PATH: <b1 a2 a3 a4 b5>

END CPATHS REPORT

