++++++++++++++++++++++++++++++++++++++++++++++++++++++++++++++
+
+ THIS OUTPUT IS THE RESULT OF THE FOLLOWING COMMAND-LINE:
+
+    ./cpaths aladder.g 
+
++++++++++++++++++++++++++++++++++++++++++++++++++++++++++++++


< BEGIN ADJACENCY-LIST:

a1 : (a2, 1) (b2, 3) 
a2 : (a3, 0.4) (b3, 0.2) 
a3 : (a4, 0.03) (b4, 0.01) 
a4 : (a5, 0.002) (b5, 0.004) 
a5 : 
b1 : (b2, 2) 
b2 : (b3, 0.1) 
b3 : (b4, 0.04) 
b4 : (b5, 0.003) 
b5 : 

END ADJACENCY LIST >


CPATHS REPORT:
     [NOTES:  'state' not necessarily meaningful
              'npaths' not necessarily meaningful]

a1 : dist=0 ; pred=a1 ; state='f'; npaths=0
     PATH: <a1>
a2 : dist=1 ; pred=a1 ; state='f'; npaths=0
     PATH: <a1 a2>
a3 : dist=1.4 ; pred=a2 ; state='f'; npaths=0
     PATH: <a1 a2 a3>
a4 : dist=1.43 ; pred=a3 ; state='f'; npaths=0
     PATH: <a1 a2 a3 a4>
a5 : dist=1.432 ; pred=a4 ; state='f'; npaths=0
     PATH: <a1 a2 a3 a4 a5>
b1 : dist=0 ; pred=b1 ; state='f'; npaths=0
     PATH: <b1>
b2 : dist=3 ; pred=a1 ; state='f'; npaths=0
     PATH: <a1 b2>
b3 : dist=3.1 ; pred=b2 ; state='f'; npaths=0
     PATH: <a1 b2 b3>
b4 : dist=3.14 ; pred=b3 ; state='f'; npaths=0
     PATH: <a1 b2 b3 b4>
b5 : dist=3.143 ; pred=b4 ; state='f'; npaths=0
     PATH: <a1 b2 b3 b4 b5>

END CPATHS REPORT

