++++++++++++++++++++++++++++++++++++++++++++++++++++++++++++++
+
+ THIS OUTPUT IS THE RESULT OF THE FOLLOWING COMMAND-LINE:
+
+    ./npaths chain.g 
+
++++++++++++++++++++++++++++++++++++++++++++++++++++++++++++++


< BEGIN ADJACENCY-LIST:

v1 : (v2, 1) (v3, 3) (v4, 5) 
v2 : (v3, 1) (v4, 3) (v5, 5) 
v3 : (v4, 1) (v5, 3) (v6, 5) 
v4 : (v5, 1) (v6, 3) (v7, 5) 
v5 : (v6, 1) (v7, 3) (v8, 5) 
v6 : (v7, 1) (v8, 3) (v9, 5) 
v7 : (v8, 1) (v9, 3) (v10, 5) 
v8 : (v9, 1) (v10, 3) 
v9 : (v10, 1) 
v10 : 

END ADJACENCY LIST >


NPATHS REPORT:

    [NOTES:  'state' not necessarily meaningful
             'pred' not meaningful ]
             'dist' not meaningful ]

v1 : dist=-1 ; pred=$NONE$ ; state='f'; npaths=149
v2 : dist=-1 ; pred=$NONE$ ; state='f'; npaths=81
v3 : dist=-1 ; pred=$NONE$ ; state='f'; npaths=88
v4 : dist=-1 ; pred=$NONE$ ; state='f'; npaths=96
v5 : dist=-1 ; pred=$NONE$ ; state='f'; npaths=91
v6 : dist=-1 ; pred=$NONE$ ; state='f'; npaths=91
v7 : dist=-1 ; pred=$NONE$ ; state='f'; npaths=96
v8 : dist=-1 ; pred=$NONE$ ; state='f'; npaths=88
v9 : dist=-1 ; pred=$NONE$ ; state='f'; npaths=81
v10 : dist=-1 ; pred=$NONE$ ; state='f'; npaths=149

END NPATHS REPORT

